<?xml version="1.0" encoding="UTF-8"?>
<!-- Generated by org.testng.reporters.JUnitXMLReporter -->
<testsuite ignored="0" hostname="LAPTOP-0TH2U9N4" failures="0" tests="7" name="Free CRM App Test Cases" time="86.746" errors="0" timestamp="2024-06-28T16:32:33 IST">
  <testcase classname="com.crm.qa.testcases.ContactsPageTest" name="verifyContactsPageLable" time="0.139"/>
  <testcase classname="com.crm.qa.testcases.ContactsPageTest" name="printWorkItemsNums" time="2.334"/>
  <testcase classname="com.crm.qa.testcases.HomePageTest" name="verifyHomePageTitleTest" time="2.014"/>
  <testcase classname="com.crm.qa.testcases.HomePageTest" name="verifyUserNameTest" time="2.095"/>
  <testcase classname="com.crm.qa.testcases.LoginPageTest" name="loginPageTitleTest" time="0.016"/>
  <testcase classname="com.crm.qa.testcases.LoginPageTest" name="acmeHeaderTest" time="0.11"/>
  <testcase classname="com.crm.qa.testcases.LoginPageTest" name="loginTest" time="4.567"/>
</testsuite> <!-- Free CRM App Test Cases -->
