<?xml version="1.0" encoding="UTF-8"?>
<!-- Generated by org.testng.reporters.JUnitXMLReporter -->
<testsuite ignored="0" hostname="LAPTOP-0TH2U9N4" failures="0" tests="11" name="Test" time="208.582" errors="0" timestamp="2024-07-04T13:17:28 IST">
  <testcase classname="com.crm.qa.testcases.LoginPageTest" name="loginPageTitleTest" time="0.013"/>
  <testcase classname="com.crm.qa.testcases.LoginPageTest" name="acmeHeaderTest" time="0.026"/>
  <testcase classname="com.crm.qa.testcases.LoginPageTest" name="loginTest" time="4.061"/>
  <testcase classname="com.crm.qa.testcases.HomePageTest" name="verifyHomePageTitleTest" time="2.024"/>
  <testcase classname="com.crm.qa.testcases.HomePageTest" name="verifyUserNameTest" time="2.034"/>
  <testcase classname="com.crm.qa.testcases.ContactsPageTest" name="verifyContactsPageLable" time="0.03"/>
  <testcase classname="com.crm.qa.testcases.ContactsPageTest" name="printWorkItemsNums" time="51.978"/>
  <testcase classname="com.crm.qa.testcases.DealsPageTest" name="validateCustServiceLableTest" time="0.021"/>
  <testcase classname="com.crm.qa.testcases.DealsPageTest" name="createNewReqstTest" time="10.329"/>
  <testcase classname="com.crm.qa.testcases.DealsPageTest" name="createNewReqstTest" time="10.345"/>
  <testcase classname="com.crm.qa.testcases.DealsPageTest" name="createNewReqstTest" time="10.315"/>
</testsuite> <!-- Test -->
